<?xml version="1.0" encoding="UTF-8"?>
<testsuite xmlns:xsi="http://www.w3.org/2001/XMLSchema-instance" xsi:noNamespaceSchemaLocation="https://maven.apache.org/surefire/maven-surefire-plugin/xsd/surefire-test-report.xsd" name="com.cg.dealsdateonlinegiftshopping.DealsDateOnlineGiftShoppingApplicationTests" time="28.558" tests="1" errors="1" skipped="0" failures="0">
  <properties>
[...]
</properties>
  <testcase name="addCustomerPass" classname="com.cg.dealsdateonlinegiftshopping.DealsDateOnlineGiftShoppingApplicationTests" time="0.623">
    <error message="User already exists, please login with your email" type="com.cg.dealsdateonlinegiftshopping.exception.UserException">com.cg.dealsdateonlinegiftshopping.exception.UserException: User already exists, please login with your email
	at com.cg.dealsdateonlinegiftshopping.DealsDateOnlineGiftShoppingApplicationTests.addCustomerPass(DealsDateOnlineGiftShoppingApplicationTests.java:25)
</error>
    <system-out><![CDATA[23:43:28.250 [main] DEBUG org.springframework.test.context.BootstrapUtils - Instantiating CacheAwareContextLoaderDelegate from class [org.springframework.test.context.cache.DefaultCacheAwareContextLoaderDelegate]
23:43:28.281 [main] DEBUG org.springframework.test.context.BootstrapUtils - Instantiating BootstrapContext using constructor [public org.springframework.test.context.support.DefaultBootstrapContext(java.lang.Class,org.springframework.test.context.CacheAwareContextLoaderDelegate)]
23:43:28.337 [main] DEBUG org.springframework.test.context.BootstrapUtils - Instantiating TestContextBootstrapper for test class [com.cg.dealsdateonlinegiftshopping.DealsDateOnlineGiftShoppingApplicationTests] from class [org.springframework.boot.test.context.SpringBootTestContextBootstrapper]
23:43:28.401 [main] INFO org.springframework.boot.test.context.SpringBootTestContextBootstrapper - Neither @ContextConfiguration nor @ContextHierarchy found for test class [com.cg.dealsdateonlinegiftshopping.DealsDateOnlineGiftShoppingApplicationTests], using SpringBootContextLoader
23:43:28.417 [main] DEBUG org.springframework.test.context.support.AbstractContextLoader - Did not detect default resource location for test class [com.cg.dealsdateonlinegiftshopping.DealsDateOnlineGiftShoppingApplicationTests]: class path resource [com/cg/dealsdateonlinegiftshopping/DealsDateOnlineGiftShoppingApplicationTests-context.xml] does not exist
23:43:28.417 [main] DEBUG org.springframework.test.context.support.AbstractContextLoader - Did not detect default resource location for test class [com.cg.dealsdateonlinegiftshopping.DealsDateOnlineGiftShoppingApplicationTests]: class path resource [com/cg/dealsdateonlinegiftshopping/DealsDateOnlineGiftShoppingApplicationTestsContext.groovy] does not exist
23:43:28.417 [main] INFO org.springframework.test.context.support.AbstractContextLoader - Could not detect default resource locations for test class [com.cg.dealsdateonlinegiftshopping.DealsDateOnlineGiftShoppingApplicationTests]: no resource found for suffixes {-context.xml, Context.groovy}.
23:43:28.425 [main] INFO org.springframework.test.context.support.AnnotationConfigContextLoaderUtils - Could not detect default configuration classes for test class [com.cg.dealsdateonlinegiftshopping.DealsDateOnlineGiftShoppingApplicationTests]: DealsDateOnlineGiftShoppingApplicationTests does not declare any static, non-private, non-final, nested classes annotated with @Configuration.
23:43:28.577 [main] DEBUG org.springframework.test.context.support.ActiveProfilesUtils - Could not find an 'annotation declaring class' for annotation type [org.springframework.test.context.ActiveProfiles] and class [com.cg.dealsdateonlinegiftshopping.DealsDateOnlineGiftShoppingApplicationTests]
23:43:28.844 [main] DEBUG org.springframework.context.annotation.ClassPathScanningCandidateComponentProvider - Identified candidate component class: file [C:\GLBAJAJ\JenkinsServiceAdmin\DealsDateLoginMicroservice\target\classes\com\cg\dealsdateonlinegiftshopping\DealsDateOnlineGiftShoppingApplication.class]
23:43:28.844 [main] INFO org.springframework.boot.test.context.SpringBootTestContextBootstrapper - Found @SpringBootConfiguration com.cg.dealsdateonlinegiftshopping.DealsDateOnlineGiftShoppingApplication for test class com.cg.dealsdateonlinegiftshopping.DealsDateOnlineGiftShoppingApplicationTests
23:43:29.292 [main] DEBUG org.springframework.boot.test.context.SpringBootTestContextBootstrapper - @TestExecutionListeners is not present for class [com.cg.dealsdateonlinegiftshopping.DealsDateOnlineGiftShoppingApplicationTests]: using defaults.
23:43:29.292 [main] INFO org.springframework.boot.test.context.SpringBootTestContextBootstrapper - Loaded default TestExecutionListener class names from location [META-INF/spring.factories]: [org.springframework.boot.test.mock.mockito.MockitoTestExecutionListener, org.springframework.boot.test.mock.mockito.ResetMocksTestExecutionListener, org.springframework.boot.test.autoconfigure.restdocs.RestDocsTestExecutionListener, org.springframework.boot.test.autoconfigure.web.client.MockRestServiceServerResetTestExecutionListener, org.springframework.boot.test.autoconfigure.web.servlet.MockMvcPrintOnlyOnFailureTestExecutionListener, org.springframework.boot.test.autoconfigure.web.servlet.WebDriverTestExecutionListener, org.springframework.boot.test.autoconfigure.webservices.client.MockWebServiceServerTestExecutionListener, org.springframework.test.context.web.ServletTestExecutionListener, org.springframework.test.context.support.DirtiesContextBeforeModesTestExecutionListener, org.springframework.test.context.support.DependencyInjectionTestExecutionListener, org.springframework.test.context.support.DirtiesContextTestExecutionListener, org.springframework.test.context.transaction.TransactionalTestExecutionListener, org.springframework.test.context.jdbc.SqlScriptsTestExecutionListener, org.springframework.test.context.event.EventPublishingTestExecutionListener]
23:43:29.395 [main] INFO org.springframework.boot.test.context.SpringBootTestContextBootstrapper - Using TestExecutionListeners: [org.springframework.test.context.web.ServletTestExecutionListener@3b6d844d, org.springframework.test.context.support.DirtiesContextBeforeModesTestExecutionListener@36804139, org.springframework.boot.test.mock.mockito.MockitoTestExecutionListener@20bd8be5, org.springframework.boot.test.autoconfigure.SpringBootDependencyInjectionTestExecutionListener@730d2164, org.springframework.test.context.support.DirtiesContextTestExecutionListener@24959ca4, org.springframework.test.context.transaction.TransactionalTestExecutionListener@10289886, org.springframework.test.context.jdbc.SqlScriptsTestExecutionListener@5c86dbc5, org.springframework.test.context.event.EventPublishingTestExecutionListener@461ad730, org.springframework.boot.test.mock.mockito.ResetMocksTestExecutionListener@4ee203eb, org.springframework.boot.test.autoconfigure.restdocs.RestDocsTestExecutionListener@1a5a4e19, org.springframework.boot.test.autoconfigure.web.client.MockRestServiceServerResetTestExecutionListener@7068e664, org.springframework.boot.test.autoconfigure.web.servlet.MockMvcPrintOnlyOnFailureTestExecutionListener@60db1c0e, org.springframework.boot.test.autoconfigure.web.servlet.WebDriverTestExecutionListener@3e78b6a5, org.springframework.boot.test.autoconfigure.webservices.client.MockWebServiceServerTestExecutionListener@769a1df5]
23:43:29.411 [main] DEBUG org.springframework.test.context.support.AbstractDirtiesContextTestExecutionListener - Before test class: context [DefaultTestContext@2ad48653 testClass = DealsDateOnlineGiftShoppingApplicationTests, testInstance = [null], testMethod = [null], testException = [null], mergedContextConfiguration = [WebMergedContextConfiguration@6bb4dd34 testClass = DealsDateOnlineGiftShoppingApplicationTests, locations = '{}', classes = '{class com.cg.dealsdateonlinegiftshopping.DealsDateOnlineGiftShoppingApplication}', contextInitializerClasses = '[]', activeProfiles = '{}', propertySourceLocations = '{}', propertySourceProperties = '{org.springframework.boot.test.context.SpringBootTestContextBootstrapper=true}', contextCustomizers = set[org.springframework.boot.test.context.filter.ExcludeFilterContextCustomizer@34a3d150, org.springframework.boot.test.json.DuplicateJsonObjectContextCustomizerFactory$DuplicateJsonObjectContextCustomizer@6f1de4c7, org.springframework.boot.test.mock.mockito.MockitoContextCustomizer@0, org.springframework.boot.test.web.client.TestRestTemplateContextCustomizer@78691363, org.springframework.boot.test.autoconfigure.properties.PropertyMappingContextCustomizer@0, org.springframework.boot.test.autoconfigure.web.servlet.WebDriverContextCustomizerFactory$Customizer@6c6cb480, org.springframework.boot.test.context.SpringBootTestArgs@1, org.springframework.boot.test.context.SpringBootTestWebEnvironment@13a5fe33], resourceBasePath = 'src/main/webapp', contextLoader = 'org.springframework.boot.test.context.SpringBootContextLoader', parent = [null]], attributes = map['org.springframework.test.context.web.ServletTestExecutionListener.activateListener' -> true]], class annotated with @DirtiesContext [false] with mode [null].
23:43:29.499 [main] DEBUG org.springframework.test.context.support.TestPropertySourceUtils - Adding inlined properties to environment: {spring.jmx.enabled=false, org.springframework.boot.test.context.SpringBootTestContextBootstrapper=true}

  .   ____          _            __ _ _
 /\\ / ___'_ __ _ _(_)_ __  __ _ \ \ \ \
( ( )\___ | '_ | '_| | '_ \/ _` | \ \ \ \
 \\/  ___)| |_)| | | | | || (_| |  ) ) ) )
  '  |____| .__|_| |_|_| |_\__, | / / / /
 =========|_|==============|___/=/_/_/_/
 :: Spring Boot ::        (v2.3.5.RELEASE)

2020-12-06 23:43:34.069  INFO 7368 --- [           main] c.c.c.ConfigServicePropertySourceLocator : Fetching config from server at : http://localhost:8888
2020-12-06 23:43:34.127 DEBUG 7368 --- [           main] o.s.web.client.RestTemplate              : HTTP GET http://localhost:8888/login-service/default
2020-12-06 23:43:34.311 DEBUG 7368 --- [           main] o.s.web.client.RestTemplate              : Accept=[application/json, application/*+json]
2020-12-06 23:43:36.370  INFO 7368 --- [           main] c.c.c.ConfigServicePropertySourceLocator : Connect Timeout Exception on Url - http://localhost:8888. Will be trying the next url if available
2020-12-06 23:43:36.370  WARN 7368 --- [           main] c.c.c.ConfigServicePropertySourceLocator : Could not locate PropertySource: I/O error on GET request for "http://localhost:8888/login-service/default": Connection refused: connect; nested exception is java.net.ConnectException: Connection refused: connect
2020-12-06 23:43:36.386  INFO 7368 --- [           main] lsDateOnlineGiftShoppingApplicationTests : No active profile set, falling back to default profiles: default
2020-12-06 23:43:36.394 DEBUG 7368 --- [           main] o.s.w.c.s.GenericWebApplicationContext   : Refreshing org.springframework.web.context.support.GenericWebApplicationContext@21694e53
2020-12-06 23:43:38.124  INFO 7368 --- [           main] .s.d.r.c.RepositoryConfigurationDelegate : Bootstrapping Spring Data JPA repositories in DEFERRED mode.
2020-12-06 23:43:38.172  INFO 7368 --- [           main] .s.d.r.c.RepositoryConfigurationDelegate : Finished Spring Data repository scanning in 28ms. Found 0 JPA repository interfaces.
2020-12-06 23:43:38.420  WARN 7368 --- [           main] o.s.boot.actuate.endpoint.EndpointId     : Endpoint ID 'service-registry' contains invalid characters, please migrate to a valid format.
2020-12-06 23:43:38.811  INFO 7368 --- [           main] o.s.cloud.context.scope.GenericScope     : BeanFactory id=6b13ee11-053e-3b18-8928-b8f99c6d610a
2020-12-06 23:43:40.380  INFO 7368 --- [           main] o.s.s.concurrent.ThreadPoolTaskExecutor  : Initializing ExecutorService 'applicationTaskExecutor'
2020-12-06 23:43:40.548  INFO 7368 --- [           main] f.a.AutowiredAnnotationBeanPostProcessor : Autowired annotation is not supported on static methods: public static void com.cg.dealsdateonlinegiftshopping.DealsDateOnlineGiftShoppingApplication.main(java.lang.String[])
2020-12-06 23:43:40.636  INFO 7368 --- [         task-1] o.hibernate.jpa.internal.util.LogHelper  : HHH000204: Processing PersistenceUnitInfo [name: default]
2020-12-06 23:43:40.918  INFO 7368 --- [         task-1] org.hibernate.Version                    : HHH000412: Hibernate ORM core version 5.4.22.Final
2020-12-06 23:43:41.758  INFO 7368 --- [         task-1] o.hibernate.annotations.common.Version   : HCANN000001: Hibernate Commons Annotations {5.1.0.Final}
2020-12-06 23:43:41.798  WARN 7368 --- [           main] c.n.c.sources.URLConfigurationSource     : No URLs will be polled as dynamic configuration sources.
2020-12-06 23:43:41.798  INFO 7368 --- [           main] c.n.c.sources.URLConfigurationSource     : To enable URLs as dynamic configuration sources, define System property archaius.configurationSource.additionalUrls or make config.properties available on classpath.
2020-12-06 23:43:41.822  WARN 7368 --- [           main] c.n.c.sources.URLConfigurationSource     : No URLs will be polled as dynamic configuration sources.
2020-12-06 23:43:41.822  INFO 7368 --- [           main] c.n.c.sources.URLConfigurationSource     : To enable URLs as dynamic configuration sources, define System property archaius.configurationSource.additionalUrls or make config.properties available on classpath.
2020-12-06 23:43:42.177  WARN 7368 --- [           main] JpaBaseConfiguration$JpaWebConfiguration : spring.jpa.open-in-view is enabled by default. Therefore, database queries may be performed during view rendering. Explicitly configure spring.jpa.open-in-view to disable this warning
2020-12-06 23:43:43.352  INFO 7368 --- [         task-1] com.zaxxer.hikari.HikariDataSource       : HikariPool-1 - Starting...
2020-12-06 23:43:43.656 DEBUG 7368 --- [           main] s.w.s.m.m.a.RequestMappingHandlerAdapter : ControllerAdvice beans: 0 @ModelAttribute, 0 @InitBinder, 1 RequestBodyAdvice, 1 ResponseBodyAdvice
2020-12-06 23:43:43.951 DEBUG 7368 --- [           main] s.w.s.m.m.a.RequestMappingHandlerMapping : 16 mappings in 'requestMappingHandlerMapping'
2020-12-06 23:43:44.247 DEBUG 7368 --- [           main] o.s.w.s.handler.SimpleUrlHandlerMapping  : Patterns [/webjars/**, /**] in 'resourceHandlerMapping'
2020-12-06 23:43:44.303 DEBUG 7368 --- [           main] .m.m.a.ExceptionHandlerExceptionResolver : ControllerAdvice beans: 0 @ExceptionHandler, 1 ResponseBodyAdvice
2020-12-06 23:43:45.781  INFO 7368 --- [         task-1] com.zaxxer.hikari.HikariDataSource       : HikariPool-1 - Start completed.
2020-12-06 23:43:45.853  INFO 7368 --- [         task-1] org.hibernate.dialect.Dialect            : HHH000400: Using dialect: org.hibernate.dialect.MySQL8Dialect
2020-12-06 23:43:47.847  INFO 7368 --- [           main] o.s.cloud.commons.util.InetUtils         : Cannot determine local hostname
2020-12-06 23:43:50.929  INFO 7368 --- [         task-1] o.h.e.t.j.p.i.JtaPlatformInitiator       : HHH000490: Using JtaPlatform implementation: [org.hibernate.engine.transaction.jta.platform.internal.NoJtaPlatform]
2020-12-06 23:43:50.961  INFO 7368 --- [         task-1] j.LocalContainerEntityManagerFactoryBean : Initialized JPA EntityManagerFactory for persistence unit 'default'
2020-12-06 23:43:52.282  INFO 7368 --- [           main] o.s.cloud.commons.util.InetUtils         : Cannot determine local hostname
2020-12-06 23:43:52.533  WARN 7368 --- [           main] ockingLoadBalancerClientRibbonWarnLogger : You already have RibbonLoadBalancerClient on your classpath. It will be used by default. As Spring Cloud Ribbon is in maintenance mode. We recommend switching to BlockingLoadBalancerClient instead. In order to use it, set the value of `spring.cloud.loadbalancer.ribbon.enabled` to `false` or remove spring-cloud-starter-netflix-ribbon from your project.
2020-12-06 23:43:52.797  INFO 7368 --- [           main] o.s.b.a.e.web.EndpointLinksResolver      : Exposing 2 endpoint(s) beneath base path '/actuator'
2020-12-06 23:43:52.957  INFO 7368 --- [           main] o.s.c.n.eureka.InstanceInfoFactory       : Setting initial instance status as: STARTING
2020-12-06 23:43:53.242  INFO 7368 --- [           main] com.netflix.discovery.DiscoveryClient    : Initializing Eureka in region default
2020-12-06 23:43:53.538  INFO 7368 --- [           main] c.n.d.provider.DiscoveryJerseyProvider   : Using JSON encoding codec LegacyJacksonJson
2020-12-06 23:43:53.538  INFO 7368 --- [           main] c.n.d.provider.DiscoveryJerseyProvider   : Using JSON decoding codec LegacyJacksonJson
2020-12-06 23:43:54.244  INFO 7368 --- [           main] c.n.d.provider.DiscoveryJerseyProvider   : Using XML encoding codec XStreamXml
2020-12-06 23:43:54.244  INFO 7368 --- [           main] c.n.d.provider.DiscoveryJerseyProvider   : Using XML decoding codec XStreamXml
2020-12-06 23:43:55.047  INFO 7368 --- [           main] c.n.d.s.r.aws.ConfigClusterResolver      : Resolving eureka endpoints via configuration
2020-12-06 23:43:55.550  INFO 7368 --- [           main] com.netflix.discovery.DiscoveryClient    : Disable delta property : false
2020-12-06 23:43:55.550  INFO 7368 --- [           main] com.netflix.discovery.DiscoveryClient    : Single vip registry refresh property : null
2020-12-06 23:43:55.550  INFO 7368 --- [           main] com.netflix.discovery.DiscoveryClient    : Force full registry fetch : false
2020-12-06 23:43:55.550  INFO 7368 --- [           main] com.netflix.discovery.DiscoveryClient    : Application is null : false
2020-12-06 23:43:55.550  INFO 7368 --- [           main] com.netflix.discovery.DiscoveryClient    : Registered Applications size is zero : true
2020-12-06 23:43:55.550  INFO 7368 --- [           main] com.netflix.discovery.DiscoveryClient    : Application version is -1: true
2020-12-06 23:43:55.550  INFO 7368 --- [           main] com.netflix.discovery.DiscoveryClient    : Getting all instance registry info from the eureka server
2020-12-06 23:43:55.862  INFO 7368 --- [           main] com.netflix.discovery.DiscoveryClient    : The response status is 200
2020-12-06 23:43:55.870  INFO 7368 --- [           main] com.netflix.discovery.DiscoveryClient    : Starting heartbeat executor: renew interval is: 30
2020-12-06 23:43:55.878  INFO 7368 --- [           main] c.n.discovery.InstanceInfoReplicator     : InstanceInfoReplicator onDemand update allowed rate per min is 4
2020-12-06 23:43:55.886  INFO 7368 --- [           main] com.netflix.discovery.DiscoveryClient    : Discovery Client initialized at timestamp 1607278435886 with initial instances count: 1
2020-12-06 23:43:55.894  INFO 7368 --- [           main] o.s.c.n.e.s.EurekaServiceRegistry        : Registering application LOGIN-SERVICE with eureka with status UP
2020-12-06 23:43:55.902  INFO 7368 --- [           main] com.netflix.discovery.DiscoveryClient    : Saw local status change event StatusChangeEvent [timestamp=1607278435902, current=UP, previous=STARTING]
2020-12-06 23:43:55.902  INFO 7368 --- [           main] DeferredRepositoryInitializationListener : Triggering deferred initialization of Spring Data repositories…
2020-12-06 23:43:55.918  INFO 7368 --- [nfoReplicator-0] com.netflix.discovery.DiscoveryClient    : DiscoveryClient_LOGIN-SERVICE/localhost:login-service:8084: registering service...
2020-12-06 23:43:55.926  INFO 7368 --- [           main] DeferredRepositoryInitializationListener : Spring Data repositories initialized!
2020-12-06 23:43:55.999  INFO 7368 --- [           main] lsDateOnlineGiftShoppingApplicationTests : Started DealsDateOnlineGiftShoppingApplicationTests in 26.472 seconds (JVM running for 29.176)
2020-12-06 23:43:56.019  INFO 7368 --- [nfoReplicator-0] com.netflix.discovery.DiscoveryClient    : DiscoveryClient_LOGIN-SERVICE/localhost:login-service:8084 - registration status: 204
Hibernate: select user0_.email as col_0_0_ from user_details user0_ where user0_.email=?
]]></system-out>
  </testcase>
</testsuite>